# JRE version: OpenJDK Runtime Environment Temurin-17.0.2+8 (17.0.2+8) (build 17.0.2+8)
# Java VM: OpenJDK 64-Bit Server VM Temurin-17.0.2+8 (17.0.2+8, mixed mode, sharing, tiered, compressed oops, compressed class ptrs, g1 gc, windows-amd64)
GC Precious Log:
 CPUs: 12 total, 12 available
 Memory: 15724M
 Large Page Support: Disabled
 NUMA Support: Disabled
 Compressed Oops: Enabled (32-bit)
 Heap Region Size: 1M
 Heap Min Capacity: 256M
 Heap Initial Capacity: 256M
 Heap Max Capacity: 512M
 Pre-touch: Disabled
 Parallel Workers: 10
 Concurrent Workers: 3
 Concurrent Refinement Workers: 10
 Periodic GC: Disabled
Heap:
 garbage-first heap   total 262144K, used 175373K [0x00000000e0000000, 0x0000000100000000)
  region size 1024K, 115 young (117760K), 19 survivors (19456K)
 Metaspace       used 65424K, committed 66176K, reserved 270336K
  class space    used 8794K, committed 9152K, reserved 212992K
GC Heap History (16 events):
Event: 3.858 GC heap before
{Heap before GC invocations=0 (full 0):
 garbage-first heap   total 262144K, used 28672K [0x00000000e0000000, 0x0000000100000000)
  region size 1024K, 23 young (23552K), 0 survivors (0K)
 Metaspace       used 2966K, committed 3072K, reserved 221184K
  class space    used 377K, committed 448K, reserved 212992K
}
Event: 3.860 GC heap after
{Heap after GC invocations=1 (full 0):
 garbage-first heap   total 262144K, used 9273K [0x00000000e0000000, 0x0000000100000000)
  region size 1024K, 3 young (3072K), 3 survivors (3072K)
 Metaspace       used 2966K, committed 3072K, reserved 221184K
  class space    used 377K, committed 448K, reserved 212992K
}
Event: 6.456 GC heap before
{Heap before GC invocations=1 (full 0):
 garbage-first heap   total 262144K, used 39993K [0x00000000e0000000, 0x0000000100000000)
  region size 1024K, 32 young (32768K), 3 survivors (3072K)
 Metaspace       used 3903K, committed 4096K, reserved 221184K
  class space    used 484K, committed 576K, reserved 212992K
}
Event: 6.458 GC heap after
{Heap after GC invocations=2 (full 0):
 garbage-first heap   total 262144K, used 13872K [0x00000000e0000000, 0x0000000100000000)
  region size 1024K, 4 young (4096K), 4 survivors (4096K)
 Metaspace       used 3903K, committed 4096K, reserved 221184K
  class space    used 484K, committed 576K, reserved 212992K
}
Event: 7.704 GC heap before
{Heap before GC invocations=2 (full 0):
 garbage-first heap   total 262144K, used 111152K [0x00000000e0000000, 0x0000000100000000)
  region size 1024K, 100 young (102400K), 4 survivors (4096K)
 Metaspace       used 21247K, committed 21504K, reserved 237568K
  class space    used 3192K, committed 3328K, reserved 212992K
}
Event: 7.708 GC heap after
{Heap after GC invocations=3 (full 0):
 garbage-first heap   total 262144K, used 21131K [0x00000000e0000000, 0x0000000100000000)
  region size 1024K, 12 young (12288K), 12 survivors (12288K)
 Metaspace       used 21247K, committed 21504K, reserved 237568K
  class space    used 3192K, committed 3328K, reserved 212992K
}
Event: 1536.791 GC heap before
{Heap before GC invocations=4 (full 0):
 garbage-first heap   total 262144K, used 165515K [0x00000000e0000000, 0x0000000100000000)
  region size 1024K, 153 young (156672K), 12 survivors (12288K)
 Metaspace       used 32902K, committed 33280K, reserved 245760K
  class space    used 4607K, committed 4736K, reserved 212992K
}
Event: 1536.799 GC heap after
{Heap after GC invocations=5 (full 0):
 garbage-first heap   total 262144K, used 28492K [0x00000000e0000000, 0x0000000100000000)
  region size 1024K, 15 young (15360K), 15 survivors (15360K)
 Metaspace       used 32902K, committed 33280K, reserved 245760K
  class space    used 4607K, committed 4736K, reserved 212992K
}
Event: 2158.652 GC heap before
{Heap before GC invocations=5 (full 0):
 garbage-first heap   total 262144K, used 86860K [0x00000000e0000000, 0x0000000100000000)
  region size 1024K, 71 young (72704K), 15 survivors (15360K)
 Metaspace       used 35656K, committed 35968K, reserved 245760K
  class space    used 4922K, committed 5056K, reserved 212992K
}
Event: 2158.660 GC heap after
{Heap after GC invocations=6 (full 0):
 garbage-first heap   total 262144K, used 31865K [0x00000000e0000000, 0x0000000100000000)
  region size 1024K, 12 young (12288K), 12 survivors (12288K)
 Metaspace       used 35656K, committed 35968K, reserved 245760K
  class space    used 4922K, committed 5056K, reserved 212992K
}
Event: 2164.724 GC heap before
{Heap before GC invocations=7 (full 0):
 garbage-first heap   total 262144K, used 180345K [0x00000000e0000000, 0x0000000100000000)
  region size 1024K, 153 young (156672K), 12 survivors (12288K)
 Metaspace       used 54705K, committed 55232K, reserved 262144K
  class space    used 7384K, committed 7680K, reserved 212992K
}
Event: 2164.734 GC heap after
{Heap after GC invocations=8 (full 0):
 garbage-first heap   total 262144K, used 49364K [0x00000000e0000000, 0x0000000100000000)
  region size 1024K, 19 young (19456K), 19 survivors (19456K)
 Metaspace       used 54705K, committed 55232K, reserved 262144K
  class space    used 7384K, committed 7680K, reserved 212992K
}
Event: 2165.308 GC heap before
{Heap before GC invocations=8 (full 0):
 garbage-first heap   total 262144K, used 123092K [0x00000000e0000000, 0x0000000100000000)
  region size 1024K, 92 young (94208K), 19 survivors (19456K)
 Metaspace       used 59590K, committed 60160K, reserved 270336K
  class space    used 8001K, committed 8256K, reserved 212992K
}
Event: 2165.318 GC heap after
{Heap after GC invocations=9 (full 0):
 garbage-first heap   total 262144K, used 58024K [0x00000000e0000000, 0x0000000100000000)
  region size 1024K, 9 young (9216K), 9 survivors (9216K)
 Metaspace       used 59590K, committed 60160K, reserved 270336K
  class space    used 8001K, committed 8256K, reserved 212992K
}
Event: 3288.580 GC heap before
{Heap before GC invocations=10 (full 0):
 garbage-first heap   total 262144K, used 198312K [0x00000000e0000000, 0x0000000100000000)
  region size 1024K, 147 young (150528K), 9 survivors (9216K)
 Metaspace       used 65366K, committed 66112K, reserved 270336K
  class space    used 8791K, committed 9152K, reserved 212992K
}
Event: 3288.594 GC heap after
{Heap after GC invocations=11 (full 0):
 garbage-first heap   total 262144K, used 78093K [0x00000000e0000000, 0x0000000100000000)
  region size 1024K, 19 young (19456K), 19 survivors (19456K)
 Metaspace       used 65366K, committed 66112K, reserved 270336K
  class space    used 8791K, committed 9152K, reserved 212992K
}

